[debug] [2021-07-06T15:50:54.483Z] ----------------------------------------------------------------------
[debug] [2021-07-06T15:50:54.485Z] Command:       C:\Program Files\nodejs\node.exe C:\Users\vince\AppData\Roaming\npm\node_modules\firebase-tools\lib\bin\firebase.js emulators:start
[debug] [2021-07-06T15:50:54.485Z] CLI Version:   8.11.2
[debug] [2021-07-06T15:50:54.486Z] Platform:      win32
[debug] [2021-07-06T15:50:54.486Z] Node Version:  v12.18.3
[debug] [2021-07-06T15:50:54.487Z] Time:          Tue Jul 06 2021 11:50:54 GMT-0400 (Eastern Daylight Time)
[debug] [2021-07-06T15:50:54.487Z] ----------------------------------------------------------------------
[debug] [2021-07-06T15:50:54.487Z] 
[debug] [2021-07-06T15:50:54.493Z] > command requires scopes: ["email","openid","https://www.googleapis.com/auth/cloudplatformprojects.readonly","https://www.googleapis.com/auth/firebase","https://www.googleapis.com/auth/cloud-platform"]
[debug] [2021-07-06T15:50:54.494Z] > authorizing via signed-in user
[info] i  emulators: Starting emulators: functions, firestore, hosting {"metadata":{"emulator":{"name":"hub"},"message":"Starting emulators: functions, firestore, hosting"}}
[debug] [2021-07-06T15:50:56.543Z] [hub] writing locator at C:\Users\vince\AppData\Local\Temp\hub-monportail-test.json
[warn] !  functions: The following emulators are not running, calls to these services from the Functions emulator will affect production: auth, database, pubsub {"metadata":{"emulator":{"name":"functions"},"message":"The following emulators are not running, calls to these services from the Functions emulator will affect production: \u001b[1mauth, database, pubsub\u001b[22m"}}
[info] +  functions: Using node@12 from host. {"metadata":{"emulator":{"name":"functions"},"message":"Using node@12 from host."}}
[debug] [2021-07-06T15:50:58.610Z] defaultcredentials: writing to file C:\Users\vince\AppData\Roaming\firebase\vincentguillemette1981_gmail_com_application_default_credentials.json
[debug] [2021-07-06T15:50:58.614Z] Setting GAC to C:\Users\vince\AppData\Roaming\firebase\vincentguillemette1981_gmail_com_application_default_credentials.json {"metadata":{"emulator":{"name":"functions"},"message":"Setting GAC to C:\\Users\\vince\\AppData\\Roaming\\firebase\\vincentguillemette1981_gmail_com_application_default_credentials.json"}}
[debug] [2021-07-06T15:51:01.170Z] Ignoring unsupported arg: projectId {"metadata":{"emulator":{"name":"firestore"},"message":"Ignoring unsupported arg: projectId"}}
[debug] [2021-07-06T15:51:01.170Z] Ignoring unsupported arg: auto_download {"metadata":{"emulator":{"name":"firestore"},"message":"Ignoring unsupported arg: auto_download"}}
[debug] [2021-07-06T15:51:01.170Z] Starting Firestore Emulator with command {"binary":"java","args":["-Duser.language=en","-jar","C:\\Users\\vince\\.cache\\firebase\\emulators\\cloud-firestore-emulator-v1.11.7.jar","--host","localhost","--port",8084,"--rules","C:\\Users\\vince\\Documents\\webapps\\carte-campus\\firestore.rules","--functions_emulator","localhost:5001"],"optionalArgs":["port","webchannel_port","host","rules","functions_emulator","seed_from_export"],"joinArgs":false} {"metadata":{"emulator":{"name":"firestore"},"message":"Starting Firestore Emulator with command {\"binary\":\"java\",\"args\":[\"-Duser.language=en\",\"-jar\",\"C:\\\\Users\\\\vince\\\\.cache\\\\firebase\\\\emulators\\\\cloud-firestore-emulator-v1.11.7.jar\",\"--host\",\"localhost\",\"--port\",8084,\"--rules\",\"C:\\\\Users\\\\vince\\\\Documents\\\\webapps\\\\carte-campus\\\\firestore.rules\",\"--functions_emulator\",\"localhost:5001\"],\"optionalArgs\":[\"port\",\"webchannel_port\",\"host\",\"rules\",\"functions_emulator\",\"seed_from_export\"],\"joinArgs\":false}"}}
[info] i  firestore: Firestore Emulator logging to firestore-debug.log {"metadata":{"emulator":{"name":"firestore"},"message":"Firestore Emulator logging to \u001b[1mfirestore-debug.log\u001b[22m"}}
[debug] [2021-07-06T15:51:04.718Z] >>> HTTP REQUEST GET https://firebase.googleapis.com/v1beta1/projects/monportail-test/webApps/-/config  
 
[debug] [2021-07-06T15:51:05.065Z] <<< HTTP RESPONSE 200 {"content-type":"application/json; charset=UTF-8","vary":"X-Origin, Referer, Origin,Accept-Encoding","date":"Tue, 06 Jul 2021 15:51:06 GMT","server":"ESF","cache-control":"private","x-xss-protection":"0","x-frame-options":"SAMEORIGIN","x-content-type-options":"nosniff","alt-svc":"h3=\":443\"; ma=2592000,h3-29=\":443\"; ma=2592000,h3-T051=\":443\"; ma=2592000,h3-Q050=\":443\"; ma=2592000,h3-Q046=\":443\"; ma=2592000,h3-Q043=\":443\"; ma=2592000,quic=\":443\"; ma=2592000; v=\"46,43\"","accept-ranges":"none","transfer-encoding":"chunked"}
[info] i  hosting: Serving hosting files from: dist {"metadata":{"emulator":{"name":"hosting"},"message":"Serving hosting files from: \u001b[1mdist\u001b[22m"}}
[info] +  hosting: Local server: http://localhost:5000 {"metadata":{"emulator":{"name":"hosting"},"message":"Local server: \u001b[4m\u001b[1mhttp://localhost:5000\u001b[22m\u001b[24m"}}
[warn] !  ui: Emulator UI unable to start on port 4000, starting on 4001 instead. {"metadata":{"emulator":{"name":"ui"},"message":"Emulator UI unable to start on port 4000, starting on 4001 instead."}}
[debug] [2021-07-06T15:51:07.158Z] Ignoring unsupported arg: auto_download {"metadata":{"emulator":{"name":"ui"},"message":"Ignoring unsupported arg: auto_download"}}
[debug] [2021-07-06T15:51:07.158Z] Ignoring unsupported arg: port {"metadata":{"emulator":{"name":"ui"},"message":"Ignoring unsupported arg: port"}}
[debug] [2021-07-06T15:51:07.158Z] Starting Emulator UI with command {"binary":"node","args":["C:\\Users\\vince\\.cache\\firebase\\emulators\\ui-v1.1.1\\server.bundle.js"],"optionalArgs":[],"joinArgs":false} {"metadata":{"emulator":{"name":"ui"},"message":"Starting Emulator UI with command {\"binary\":\"node\",\"args\":[\"C:\\\\Users\\\\vince\\\\.cache\\\\firebase\\\\emulators\\\\ui-v1.1.1\\\\server.bundle.js\"],\"optionalArgs\":[],\"joinArgs\":false}"}}
[info] i  ui: Emulator UI logging to ui-debug.log {"metadata":{"emulator":{"name":"ui"},"message":"Emulator UI logging to \u001b[1mui-debug.log\u001b[22m"}}
[debug] [2021-07-06T15:51:07.266Z] Web / API server started at http://localhost:4001
 {"metadata":{"emulator":{"name":"ui"},"message":"Web / API server started at http://localhost:4001\n"}}
[info] i  functions: Watching "C:\Users\vince\Documents\webapps\carte-campus\functions" for Cloud Functions... {"metadata":{"emulator":{"name":"functions"},"message":"Watching \"C:\\Users\\vince\\Documents\\webapps\\carte-campus\\functions\" for Cloud Functions..."}}
[debug] [2021-07-06T15:51:07.682Z] [worker-pool] addWorker(~diagnostic~) {"metadata":{"emulator":{"name":"functions"},"message":"[worker-pool] addWorker(~diagnostic~)"}}
[debug] [2021-07-06T15:51:07.682Z] [worker-pool] Adding worker with key ~diagnostic~, total=1 {"metadata":{"emulator":{"name":"functions"},"message":"[worker-pool] Adding worker with key ~diagnostic~, total=1"}}
[debug] [2021-07-06T15:51:07.682Z] [worker-pool] submitWork(triggerId=) {"metadata":{"emulator":{"name":"functions"},"message":"[worker-pool] submitWork(triggerId=)"}}
[debug] [2021-07-06T15:51:07.682Z] [worker-~diagnostic~-45d4e9c2-44d5-43c7-9bb3-f942f1186ed1]: Assigning socketPath: \\?\pipe\C:\Users\vince\Documents\webapps\carte-campus\functions\3184 {"metadata":{"emulator":{"name":"functions"},"message":"[worker-~diagnostic~-45d4e9c2-44d5-43c7-9bb3-f942f1186ed1]: Assigning socketPath: \\\\?\\pipe\\C:\\Users\\vince\\Documents\\webapps\\carte-campus\\functions\\3184"}}
[debug] [2021-07-06T15:51:07.683Z] [worker-~diagnostic~-45d4e9c2-44d5-43c7-9bb3-f942f1186ed1]: BUSY {"metadata":{"emulator":{"name":"functions"},"message":"[worker-~diagnostic~-45d4e9c2-44d5-43c7-9bb3-f942f1186ed1]: BUSY"}}
[debug] [2021-07-06T15:51:08.075Z] [runtime-status] [3184] Functions runtime initialized. {"cwd":"C:\\Users\\vince\\Documents\\webapps\\carte-campus\\functions","node_version":"12.18.3"} {"metadata":{"emulator":{"name":"functions"},"message":"[runtime-status] [3184] Functions runtime initialized. {\"cwd\":\"C:\\\\Users\\\\vince\\\\Documents\\\\webapps\\\\carte-campus\\\\functions\",\"node_version\":\"12.18.3\"}"}}
[debug] [2021-07-06T15:51:08.076Z] [runtime-status] [3184] Disabled runtime features: undefined {"metadata":{"emulator":{"name":"functions"},"message":"[runtime-status] [3184] Disabled runtime features: undefined"}}
[debug] [2021-07-06T15:51:08.083Z] [runtime-status] [3184] Resolved module firebase-admin {"declared":true,"installed":true,"version":"8.13.0","resolution":"C:\\Users\\vince\\Documents\\webapps\\carte-campus\\functions\\node_modules\\firebase-admin\\lib\\index.js"} {"metadata":{"emulator":{"name":"functions"},"message":"[runtime-status] [3184] Resolved module firebase-admin {\"declared\":true,\"installed\":true,\"version\":\"8.13.0\",\"resolution\":\"C:\\\\Users\\\\vince\\\\Documents\\\\webapps\\\\carte-campus\\\\functions\\\\node_modules\\\\firebase-admin\\\\lib\\\\index.js\"}"}}
[debug] [2021-07-06T15:51:08.085Z] [runtime-status] [3184] Resolved module firebase-functions {"declared":true,"installed":true,"version":"3.14.1","resolution":"C:\\Users\\vince\\Documents\\webapps\\carte-campus\\functions\\node_modules\\firebase-functions\\lib\\index.js"} {"metadata":{"emulator":{"name":"functions"},"message":"[runtime-status] [3184] Resolved module firebase-functions {\"declared\":true,\"installed\":true,\"version\":\"3.14.1\",\"resolution\":\"C:\\\\Users\\\\vince\\\\Documents\\\\webapps\\\\carte-campus\\\\functions\\\\node_modules\\\\firebase-functions\\\\lib\\\\index.js\"}"}}
[debug] [2021-07-06T15:51:08.085Z] [runtime-status] [3184] Resolved module firebase-functions {"declared":true,"installed":true,"version":"3.14.1","resolution":"C:\\Users\\vince\\Documents\\webapps\\carte-campus\\functions\\node_modules\\firebase-functions\\lib\\index.js"} {"metadata":{"emulator":{"name":"functions"},"message":"[runtime-status] [3184] Resolved module firebase-functions {\"declared\":true,\"installed\":true,\"version\":\"3.14.1\",\"resolution\":\"C:\\\\Users\\\\vince\\\\Documents\\\\webapps\\\\carte-campus\\\\functions\\\\node_modules\\\\firebase-functions\\\\lib\\\\index.js\"}"}}
[debug] [2021-07-06T15:51:08.087Z] [runtime-status] [3184] Outgoing network have been stubbed. [{"name":"http","status":"mocked"},{"name":"http","status":"mocked"},{"name":"https","status":"mocked"},{"name":"https","status":"mocked"},{"name":"net","status":"mocked"}] {"metadata":{"emulator":{"name":"functions"},"message":"[runtime-status] [3184] Outgoing network have been stubbed. [{\"name\":\"http\",\"status\":\"mocked\"},{\"name\":\"http\",\"status\":\"mocked\"},{\"name\":\"https\",\"status\":\"mocked\"},{\"name\":\"https\",\"status\":\"mocked\"},{\"name\":\"net\",\"status\":\"mocked\"}]"}}
[debug] [2021-07-06T15:51:08.087Z] [runtime-status] [3184] Resolved module firebase-functions {"declared":true,"installed":true,"version":"3.14.1","resolution":"C:\\Users\\vince\\Documents\\webapps\\carte-campus\\functions\\node_modules\\firebase-functions\\lib\\index.js"} {"metadata":{"emulator":{"name":"functions"},"message":"[runtime-status] [3184] Resolved module firebase-functions {\"declared\":true,\"installed\":true,\"version\":\"3.14.1\",\"resolution\":\"C:\\\\Users\\\\vince\\\\Documents\\\\webapps\\\\carte-campus\\\\functions\\\\node_modules\\\\firebase-functions\\\\lib\\\\index.js\"}"}}
[debug] [2021-07-06T15:51:08.131Z] [runtime-status] [3184] Checked functions.config() {"config":{}} {"metadata":{"emulator":{"name":"functions"},"message":"[runtime-status] [3184] Checked functions.config() {\"config\":{}}"}}
[debug] [2021-07-06T15:51:08.131Z] [runtime-status] [3184] firebase-functions has been stubbed. {"functionsResolution":{"declared":true,"installed":true,"version":"3.14.1","resolution":"C:\\Users\\vince\\Documents\\webapps\\carte-campus\\functions\\node_modules\\firebase-functions\\lib\\index.js"}} {"metadata":{"emulator":{"name":"functions"},"message":"[runtime-status] [3184] firebase-functions has been stubbed. {\"functionsResolution\":{\"declared\":true,\"installed\":true,\"version\":\"3.14.1\",\"resolution\":\"C:\\\\Users\\\\vince\\\\Documents\\\\webapps\\\\carte-campus\\\\functions\\\\node_modules\\\\firebase-functions\\\\lib\\\\index.js\"}}"}}
[debug] [2021-07-06T15:51:08.132Z] [runtime-status] [3184] Resolved module firebase-functions {"declared":true,"installed":true,"version":"3.14.1","resolution":"C:\\Users\\vince\\Documents\\webapps\\carte-campus\\functions\\node_modules\\firebase-functions\\lib\\index.js"} {"metadata":{"emulator":{"name":"functions"},"message":"[runtime-status] [3184] Resolved module firebase-functions {\"declared\":true,\"installed\":true,\"version\":\"3.14.1\",\"resolution\":\"C:\\\\Users\\\\vince\\\\Documents\\\\webapps\\\\carte-campus\\\\functions\\\\node_modules\\\\firebase-functions\\\\lib\\\\index.js\"}"}}
[debug] [2021-07-06T15:51:08.133Z] [runtime-status] [3184] Resolved module firebase-admin {"declared":true,"installed":true,"version":"8.13.0","resolution":"C:\\Users\\vince\\Documents\\webapps\\carte-campus\\functions\\node_modules\\firebase-admin\\lib\\index.js"} {"metadata":{"emulator":{"name":"functions"},"message":"[runtime-status] [3184] Resolved module firebase-admin {\"declared\":true,\"installed\":true,\"version\":\"8.13.0\",\"resolution\":\"C:\\\\Users\\\\vince\\\\Documents\\\\webapps\\\\carte-campus\\\\functions\\\\node_modules\\\\firebase-admin\\\\lib\\\\index.js\"}"}}
[debug] [2021-07-06T15:51:08.133Z] [runtime-status] [3184] Resolved module firebase-functions {"declared":true,"installed":true,"version":"3.14.1","resolution":"C:\\Users\\vince\\Documents\\webapps\\carte-campus\\functions\\node_modules\\firebase-functions\\lib\\index.js"} {"metadata":{"emulator":{"name":"functions"},"message":"[runtime-status] [3184] Resolved module firebase-functions {\"declared\":true,\"installed\":true,\"version\":\"3.14.1\",\"resolution\":\"C:\\\\Users\\\\vince\\\\Documents\\\\webapps\\\\carte-campus\\\\functions\\\\node_modules\\\\firebase-functions\\\\lib\\\\index.js\"}"}}
[debug] [2021-07-06T15:51:08.134Z] [runtime-status] [3184] firebase-admin has been stubbed. {"adminResolution":{"declared":true,"installed":true,"version":"8.13.0","resolution":"C:\\Users\\vince\\Documents\\webapps\\carte-campus\\functions\\node_modules\\firebase-admin\\lib\\index.js"}} {"metadata":{"emulator":{"name":"functions"},"message":"[runtime-status] [3184] firebase-admin has been stubbed. {\"adminResolution\":{\"declared\":true,\"installed\":true,\"version\":\"8.13.0\",\"resolution\":\"C:\\\\Users\\\\vince\\\\Documents\\\\webapps\\\\carte-campus\\\\functions\\\\node_modules\\\\firebase-admin\\\\lib\\\\index.js\"}}"}}
[warn] !  It looks like you're trying to access functions.config().firebase but there is no value there. You can learn more about setting up config here: https://firebase.google.com/docs/functions/local-emulator {"metadata":{"emulator":{"name":"functions"},"message":"It looks like you're trying to access functions.config().firebase but there is no value there. You can learn more about setting up config here: https://firebase.google.com/docs/functions/local-emulator"}}
[debug] [2021-07-06T15:51:08.156Z] [runtime-status] [3184] initializeApp(DEFAULT) {"projectId":"monportail-test"} {"metadata":{"emulator":{"name":"functions"},"message":"[runtime-status] [3184] initializeApp(DEFAULT) {\"projectId\":\"monportail-test\"}"}}
[info] +  functions[fileToFirebase]: http function initialized (http://localhost:5001/monportail-test/us-central1/fileToFirebase). {"metadata":{"emulator":{"name":"functions"},"message":"\u001b[1mhttp\u001b[22m function initialized (http://localhost:5001/monportail-test/us-central1/fileToFirebase)."}}
[info] 
┌───────────────────────────────────────────────────────────────────────┐
│ ✔  All emulators ready! View status and logs at http://localhost:4001 │
└───────────────────────────────────────────────────────────────────────┘

┌───────────┬────────────────┬─────────────────────────────────┐
│ Emulator  │ Host:Port      │ View in Emulator UI             │
├───────────┼────────────────┼─────────────────────────────────┤
│ Functions │ localhost:5001 │ http://localhost:4001/functions │
├───────────┼────────────────┼─────────────────────────────────┤
│ Firestore │ localhost:8084 │ http://localhost:4001/firestore │
├───────────┼────────────────┼─────────────────────────────────┤
│ Hosting   │ localhost:5000 │ n/a                             │
└───────────┴────────────────┴─────────────────────────────────┘
  Other reserved ports: 4400, 4500

Issues? Report them at https://github.com/firebase/firebase-tools/issues and attach the *-debug.log files.
 
[debug] [2021-07-06T15:51:08.174Z] [worker-~diagnostic~-45d4e9c2-44d5-43c7-9bb3-f942f1186ed1]: IDLE {"metadata":{"emulator":{"name":"functions"},"message":"[worker-~diagnostic~-45d4e9c2-44d5-43c7-9bb3-f942f1186ed1]: IDLE"}}
[debug] [2021-07-06T15:51:22.674Z] [work-queue] {"queueLength":1,"workRunningCount":0}
[debug] [2021-07-06T15:51:22.674Z] [work-queue] {"queueLength":0,"workRunningCount":1}
[debug] [2021-07-06T15:51:22.675Z] Accepted request POST /monportail-test/us-central1/fileToFirebase --> fileToFirebase
[debug] [2021-07-06T15:51:22.679Z] [worker-pool] addWorker(fileToFirebase) {"metadata":{"emulator":{"name":"functions"},"message":"[worker-pool] addWorker(fileToFirebase)"}}
[debug] [2021-07-06T15:51:22.680Z] [worker-pool] Adding worker with key fileToFirebase, total=1 {"metadata":{"emulator":{"name":"functions"},"message":"[worker-pool] Adding worker with key fileToFirebase, total=1"}}
[debug] [2021-07-06T15:51:22.680Z] [worker-pool] submitWork(triggerId=fileToFirebase) {"metadata":{"emulator":{"name":"functions"},"message":"[worker-pool] submitWork(triggerId=fileToFirebase)"}}
[debug] [2021-07-06T15:51:22.680Z] [worker-fileToFirebase-908c0ffe-ea63-42f3-a2a2-125e73e2613f]: Assigning socketPath: \\?\pipe\C:\Users\vince\Documents\webapps\carte-campus\functions\6824 {"metadata":{"emulator":{"name":"functions"},"message":"[worker-fileToFirebase-908c0ffe-ea63-42f3-a2a2-125e73e2613f]: Assigning socketPath: \\\\?\\pipe\\C:\\Users\\vince\\Documents\\webapps\\carte-campus\\functions\\6824"}}
[debug] [2021-07-06T15:51:22.680Z] [worker-fileToFirebase-908c0ffe-ea63-42f3-a2a2-125e73e2613f]: BUSY {"metadata":{"emulator":{"name":"functions"},"message":"[worker-fileToFirebase-908c0ffe-ea63-42f3-a2a2-125e73e2613f]: BUSY"}}
[debug] [2021-07-06T15:51:23.043Z] [runtime-status] [6824] Functions runtime initialized. {"cwd":"C:\\Users\\vince\\Documents\\webapps\\carte-campus\\functions","node_version":"12.18.3"} {"metadata":{"emulator":{"name":"functions"},"function":{"name":"fileToFirebase"},"message":"[runtime-status] [6824] Functions runtime initialized. {\"cwd\":\"C:\\\\Users\\\\vince\\\\Documents\\\\webapps\\\\carte-campus\\\\functions\",\"node_version\":\"12.18.3\"}"}}
[debug] [2021-07-06T15:51:23.045Z] [runtime-status] [6824] Disabled runtime features: undefined {"metadata":{"emulator":{"name":"functions"},"function":{"name":"fileToFirebase"},"message":"[runtime-status] [6824] Disabled runtime features: undefined"}}
[debug] [2021-07-06T15:51:23.050Z] [runtime-status] [6824] Resolved module firebase-admin {"declared":true,"installed":true,"version":"8.13.0","resolution":"C:\\Users\\vince\\Documents\\webapps\\carte-campus\\functions\\node_modules\\firebase-admin\\lib\\index.js"} {"metadata":{"emulator":{"name":"functions"},"function":{"name":"fileToFirebase"},"message":"[runtime-status] [6824] Resolved module firebase-admin {\"declared\":true,\"installed\":true,\"version\":\"8.13.0\",\"resolution\":\"C:\\\\Users\\\\vince\\\\Documents\\\\webapps\\\\carte-campus\\\\functions\\\\node_modules\\\\firebase-admin\\\\lib\\\\index.js\"}"}}
[debug] [2021-07-06T15:51:23.051Z] [runtime-status] [6824] Resolved module firebase-functions {"declared":true,"installed":true,"version":"3.14.1","resolution":"C:\\Users\\vince\\Documents\\webapps\\carte-campus\\functions\\node_modules\\firebase-functions\\lib\\index.js"} {"metadata":{"emulator":{"name":"functions"},"function":{"name":"fileToFirebase"},"message":"[runtime-status] [6824] Resolved module firebase-functions {\"declared\":true,\"installed\":true,\"version\":\"3.14.1\",\"resolution\":\"C:\\\\Users\\\\vince\\\\Documents\\\\webapps\\\\carte-campus\\\\functions\\\\node_modules\\\\firebase-functions\\\\lib\\\\index.js\"}"}}
[debug] [2021-07-06T15:51:23.052Z] [runtime-status] [6824] Resolved module firebase-functions {"declared":true,"installed":true,"version":"3.14.1","resolution":"C:\\Users\\vince\\Documents\\webapps\\carte-campus\\functions\\node_modules\\firebase-functions\\lib\\index.js"} {"metadata":{"emulator":{"name":"functions"},"function":{"name":"fileToFirebase"},"message":"[runtime-status] [6824] Resolved module firebase-functions {\"declared\":true,\"installed\":true,\"version\":\"3.14.1\",\"resolution\":\"C:\\\\Users\\\\vince\\\\Documents\\\\webapps\\\\carte-campus\\\\functions\\\\node_modules\\\\firebase-functions\\\\lib\\\\index.js\"}"}}
[debug] [2021-07-06T15:51:23.054Z] [runtime-status] [6824] Outgoing network have been stubbed. [{"name":"http","status":"mocked"},{"name":"http","status":"mocked"},{"name":"https","status":"mocked"},{"name":"https","status":"mocked"},{"name":"net","status":"mocked"}] {"metadata":{"emulator":{"name":"functions"},"function":{"name":"fileToFirebase"},"message":"[runtime-status] [6824] Outgoing network have been stubbed. [{\"name\":\"http\",\"status\":\"mocked\"},{\"name\":\"http\",\"status\":\"mocked\"},{\"name\":\"https\",\"status\":\"mocked\"},{\"name\":\"https\",\"status\":\"mocked\"},{\"name\":\"net\",\"status\":\"mocked\"}]"}}
[debug] [2021-07-06T15:51:23.054Z] [runtime-status] [6824] Resolved module firebase-functions {"declared":true,"installed":true,"version":"3.14.1","resolution":"C:\\Users\\vince\\Documents\\webapps\\carte-campus\\functions\\node_modules\\firebase-functions\\lib\\index.js"} {"metadata":{"emulator":{"name":"functions"},"function":{"name":"fileToFirebase"},"message":"[runtime-status] [6824] Resolved module firebase-functions {\"declared\":true,\"installed\":true,\"version\":\"3.14.1\",\"resolution\":\"C:\\\\Users\\\\vince\\\\Documents\\\\webapps\\\\carte-campus\\\\functions\\\\node_modules\\\\firebase-functions\\\\lib\\\\index.js\"}"}}
[debug] [2021-07-06T15:51:23.093Z] [runtime-status] [6824] Checked functions.config() {"config":{}} {"metadata":{"emulator":{"name":"functions"},"function":{"name":"fileToFirebase"},"message":"[runtime-status] [6824] Checked functions.config() {\"config\":{}}"}}
[debug] [2021-07-06T15:51:23.094Z] [runtime-status] [6824] firebase-functions has been stubbed. {"functionsResolution":{"declared":true,"installed":true,"version":"3.14.1","resolution":"C:\\Users\\vince\\Documents\\webapps\\carte-campus\\functions\\node_modules\\firebase-functions\\lib\\index.js"}} {"metadata":{"emulator":{"name":"functions"},"function":{"name":"fileToFirebase"},"message":"[runtime-status] [6824] firebase-functions has been stubbed. {\"functionsResolution\":{\"declared\":true,\"installed\":true,\"version\":\"3.14.1\",\"resolution\":\"C:\\\\Users\\\\vince\\\\Documents\\\\webapps\\\\carte-campus\\\\functions\\\\node_modules\\\\firebase-functions\\\\lib\\\\index.js\"}}"}}
[debug] [2021-07-06T15:51:23.094Z] [runtime-status] [6824] Resolved module firebase-functions {"declared":true,"installed":true,"version":"3.14.1","resolution":"C:\\Users\\vince\\Documents\\webapps\\carte-campus\\functions\\node_modules\\firebase-functions\\lib\\index.js"} {"metadata":{"emulator":{"name":"functions"},"function":{"name":"fileToFirebase"},"message":"[runtime-status] [6824] Resolved module firebase-functions {\"declared\":true,\"installed\":true,\"version\":\"3.14.1\",\"resolution\":\"C:\\\\Users\\\\vince\\\\Documents\\\\webapps\\\\carte-campus\\\\functions\\\\node_modules\\\\firebase-functions\\\\lib\\\\index.js\"}"}}
[debug] [2021-07-06T15:51:23.095Z] [runtime-status] [6824] Resolved module firebase-admin {"declared":true,"installed":true,"version":"8.13.0","resolution":"C:\\Users\\vince\\Documents\\webapps\\carte-campus\\functions\\node_modules\\firebase-admin\\lib\\index.js"} {"metadata":{"emulator":{"name":"functions"},"function":{"name":"fileToFirebase"},"message":"[runtime-status] [6824] Resolved module firebase-admin {\"declared\":true,\"installed\":true,\"version\":\"8.13.0\",\"resolution\":\"C:\\\\Users\\\\vince\\\\Documents\\\\webapps\\\\carte-campus\\\\functions\\\\node_modules\\\\firebase-admin\\\\lib\\\\index.js\"}"}}
[debug] [2021-07-06T15:51:23.096Z] [runtime-status] [6824] Resolved module firebase-functions {"declared":true,"installed":true,"version":"3.14.1","resolution":"C:\\Users\\vince\\Documents\\webapps\\carte-campus\\functions\\node_modules\\firebase-functions\\lib\\index.js"} {"metadata":{"emulator":{"name":"functions"},"function":{"name":"fileToFirebase"},"message":"[runtime-status] [6824] Resolved module firebase-functions {\"declared\":true,\"installed\":true,\"version\":\"3.14.1\",\"resolution\":\"C:\\\\Users\\\\vince\\\\Documents\\\\webapps\\\\carte-campus\\\\functions\\\\node_modules\\\\firebase-functions\\\\lib\\\\index.js\"}"}}
[debug] [2021-07-06T15:51:23.096Z] [runtime-status] [6824] firebase-admin has been stubbed. {"adminResolution":{"declared":true,"installed":true,"version":"8.13.0","resolution":"C:\\Users\\vince\\Documents\\webapps\\carte-campus\\functions\\node_modules\\firebase-admin\\lib\\index.js"}} {"metadata":{"emulator":{"name":"functions"},"function":{"name":"fileToFirebase"},"message":"[runtime-status] [6824] firebase-admin has been stubbed. {\"adminResolution\":{\"declared\":true,\"installed\":true,\"version\":\"8.13.0\",\"resolution\":\"C:\\\\Users\\\\vince\\\\Documents\\\\webapps\\\\carte-campus\\\\functions\\\\node_modules\\\\firebase-admin\\\\lib\\\\index.js\"}}"}}
[debug] [2021-07-06T15:51:23.117Z] [runtime-status] [6824] initializeApp(DEFAULT) {"projectId":"monportail-test"} {"metadata":{"emulator":{"name":"functions"},"function":{"name":"fileToFirebase"},"message":"[runtime-status] [6824] initializeApp(DEFAULT) {\"projectId\":\"monportail-test\"}"}}
[debug] [2021-07-06T15:51:23.118Z] [runtime-status] [6824] Trigger "fileToFirebase" has been found, beginning invocation! {"metadata":{"emulator":{"name":"functions"},"function":{"name":"fileToFirebase"},"message":"[runtime-status] [6824] Trigger \"fileToFirebase\" has been found, beginning invocation!"}}
[info] i  functions: Beginning execution of "fileToFirebase" {"metadata":{"emulator":{"name":"functions"},"function":{"name":"fileToFirebase"},"message":"Beginning execution of \"fileToFirebase\""}}
[debug] [2021-07-06T15:51:23.119Z] [runtime-status] [6824] triggerDefinition {"httpsTrigger":{},"name":"fileToFirebase","entryPoint":"fileToFirebase"} {"metadata":{"emulator":{"name":"functions"},"function":{"name":"fileToFirebase"},"message":"[runtime-status] [6824] triggerDefinition {\"httpsTrigger\":{},\"name\":\"fileToFirebase\",\"entryPoint\":\"fileToFirebase\"}"}}
[debug] [2021-07-06T15:51:23.119Z] [runtime-status] [6824] Running fileToFirebase in mode HTTPS {"metadata":{"emulator":{"name":"functions"},"function":{"name":"fileToFirebase"},"message":"[runtime-status] [6824] Running fileToFirebase in mode HTTPS"}}
[debug] [2021-07-06T15:51:23.122Z] [runtime-status] [6824] Attempting to listen to socketPath: \\?\pipe\C:\Users\vince\Documents\webapps\carte-campus\functions\6824 {"metadata":{"emulator":{"name":"functions"},"function":{"name":"fileToFirebase"},"message":"[runtime-status] [6824] Attempting to listen to socketPath: \\\\?\\pipe\\C:\\Users\\vince\\Documents\\webapps\\carte-campus\\functions\\6824"}}
[debug] [2021-07-06T15:51:23.124Z] [functions] Runtime ready! Sending request! {"metadata":{"emulator":{"name":"functions"},"message":"[functions] Runtime ready! Sending request!"}}
[debug] [2021-07-06T15:51:23.137Z] [runtime-status] [6824] Ephemeral server handling POST request {"metadata":{"emulator":{"name":"functions"},"function":{"name":"fileToFirebase"},"message":"[runtime-status] [6824] Ephemeral server handling POST request"}}
[info] >  {"severity":"INFO","message":"fichier recu"} {"user":{"severity":"INFO","message":"fichier recu"},"metadata":{"emulator":{"name":"functions"},"function":{"name":"fileToFirebase"},"message":"\u001b[90m> \u001b[39m {\"severity\":\"INFO\",\"message\":\"fichier recu\"}"}}
[info] >  File [file] filename: service-ul.json, encoding: 7bit, mimetype: application/json {"user":"File [file] filename: service-ul.json, encoding: 7bit, mimetype: application/json","metadata":{"emulator":{"name":"functions"},"function":{"name":"fileToFirebase"},"message":"\u001b[90m> \u001b[39m File [file] filename: service-ul.json, encoding: 7bit, mimetype: application/json"}}
[info] >  Saving 'file' to C:\Users\vince\AppData\Local\Temp\file {"user":"Saving 'file' to C:\\Users\\vince\\AppData\\Local\\Temp\\file","metadata":{"emulator":{"name":"functions"},"function":{"name":"fileToFirebase"},"message":"\u001b[90m> \u001b[39m Saving 'file' to C:\\Users\\vince\\AppData\\Local\\Temp\\file"}}
[debug] [2021-07-06T15:51:23.153Z] [runtime-status] [6824] Ephemeral server survived. {"metadata":{"emulator":{"name":"functions"},"function":{"name":"fileToFirebase"},"message":"[runtime-status] [6824] Ephemeral server survived."}}
[info] i  functions: Finished "fileToFirebase" in ~1s {"metadata":{"emulator":{"name":"functions"},"function":{"name":"fileToFirebase"},"message":"Finished \"fileToFirebase\" in ~1s"}}
[debug] [2021-07-06T15:51:24.020Z] [worker-fileToFirebase-908c0ffe-ea63-42f3-a2a2-125e73e2613f]: IDLE {"metadata":{"emulator":{"name":"functions"},"message":"[worker-fileToFirebase-908c0ffe-ea63-42f3-a2a2-125e73e2613f]: IDLE"}}
[debug] [2021-07-06T15:51:24.020Z] [work-queue] {"queueLength":0,"workRunningCount":0}
[debug] [2021-07-06T15:52:33.974Z] [work-queue] {"queueLength":1,"workRunningCount":0}
[debug] [2021-07-06T15:52:33.975Z] [work-queue] {"queueLength":0,"workRunningCount":1}
[debug] [2021-07-06T15:52:33.975Z] Accepted request POST /monportail-test/us-central1/fileToFirebase --> fileToFirebase
[debug] [2021-07-06T15:52:33.975Z] [worker-pool] submitWork(triggerId=fileToFirebase) {"metadata":{"emulator":{"name":"functions"},"message":"[worker-pool] submitWork(triggerId=fileToFirebase)"}}
[debug] [2021-07-06T15:52:33.975Z] [worker-fileToFirebase-908c0ffe-ea63-42f3-a2a2-125e73e2613f]: Assigning socketPath: \\?\pipe\C:\Users\vince\Documents\webapps\carte-campus\functions\6824 {"metadata":{"emulator":{"name":"functions"},"message":"[worker-fileToFirebase-908c0ffe-ea63-42f3-a2a2-125e73e2613f]: Assigning socketPath: \\\\?\\pipe\\C:\\Users\\vince\\Documents\\webapps\\carte-campus\\functions\\6824"}}
[debug] [2021-07-06T15:52:33.975Z] [worker-fileToFirebase-908c0ffe-ea63-42f3-a2a2-125e73e2613f]: BUSY {"metadata":{"emulator":{"name":"functions"},"message":"[worker-fileToFirebase-908c0ffe-ea63-42f3-a2a2-125e73e2613f]: BUSY"}}
[debug] [2021-07-06T15:52:33.976Z] [runtime-status] [6824] Trigger "fileToFirebase" has been found, beginning invocation! {"metadata":{"emulator":{"name":"functions"},"function":{"name":"fileToFirebase"},"message":"[runtime-status] [6824] Trigger \"fileToFirebase\" has been found, beginning invocation!"}}
[info] i  functions: Beginning execution of "fileToFirebase" {"metadata":{"emulator":{"name":"functions"},"function":{"name":"fileToFirebase"},"message":"Beginning execution of \"fileToFirebase\""}}
[debug] [2021-07-06T15:52:33.977Z] [runtime-status] [6824] triggerDefinition {"httpsTrigger":{},"name":"fileToFirebase","entryPoint":"fileToFirebase"} {"metadata":{"emulator":{"name":"functions"},"function":{"name":"fileToFirebase"},"message":"[runtime-status] [6824] triggerDefinition {\"httpsTrigger\":{},\"name\":\"fileToFirebase\",\"entryPoint\":\"fileToFirebase\"}"}}
[debug] [2021-07-06T15:52:33.977Z] [runtime-status] [6824] Running fileToFirebase in mode HTTPS {"metadata":{"emulator":{"name":"functions"},"function":{"name":"fileToFirebase"},"message":"[runtime-status] [6824] Running fileToFirebase in mode HTTPS"}}
[debug] [2021-07-06T15:52:33.979Z] [runtime-status] [6824] Attempting to listen to socketPath: \\?\pipe\C:\Users\vince\Documents\webapps\carte-campus\functions\6824 {"metadata":{"emulator":{"name":"functions"},"function":{"name":"fileToFirebase"},"message":"[runtime-status] [6824] Attempting to listen to socketPath: \\\\?\\pipe\\C:\\Users\\vince\\Documents\\webapps\\carte-campus\\functions\\6824"}}
[debug] [2021-07-06T15:52:33.981Z] [functions] Runtime ready! Sending request! {"metadata":{"emulator":{"name":"functions"},"message":"[functions] Runtime ready! Sending request!"}}
[debug] [2021-07-06T15:52:33.991Z] [runtime-status] [6824] Ephemeral server handling POST request {"metadata":{"emulator":{"name":"functions"},"function":{"name":"fileToFirebase"},"message":"[runtime-status] [6824] Ephemeral server handling POST request"}}
[info] >  {"severity":"INFO","message":"fichier recu"} {"user":{"severity":"INFO","message":"fichier recu"},"metadata":{"emulator":{"name":"functions"},"function":{"name":"fileToFirebase"},"message":"\u001b[90m> \u001b[39m {\"severity\":\"INFO\",\"message\":\"fichier recu\"}"}}
[info] >  File [file] filename: service-ul.json, encoding: 7bit, mimetype: application/json {"user":"File [file] filename: service-ul.json, encoding: 7bit, mimetype: application/json","metadata":{"emulator":{"name":"functions"},"function":{"name":"fileToFirebase"},"message":"\u001b[90m> \u001b[39m File [file] filename: service-ul.json, encoding: 7bit, mimetype: application/json"}}
[info] >  Saving 'file' to C:\Users\vince\AppData\Local\Temp\file {"user":"Saving 'file' to C:\\Users\\vince\\AppData\\Local\\Temp\\file","metadata":{"emulator":{"name":"functions"},"function":{"name":"fileToFirebase"},"message":"\u001b[90m> \u001b[39m Saving 'file' to C:\\Users\\vince\\AppData\\Local\\Temp\\file"}}
[debug] [2021-07-06T15:52:34.004Z] [runtime-status] [6824] Ephemeral server survived. {"metadata":{"emulator":{"name":"functions"},"function":{"name":"fileToFirebase"},"message":"[runtime-status] [6824] Ephemeral server survived."}}
[info] i  functions: Finished "fileToFirebase" in ~1s {"metadata":{"emulator":{"name":"functions"},"function":{"name":"fileToFirebase"},"message":"Finished \"fileToFirebase\" in ~1s"}}
[debug] [2021-07-06T15:52:34.819Z] [worker-fileToFirebase-908c0ffe-ea63-42f3-a2a2-125e73e2613f]: IDLE {"metadata":{"emulator":{"name":"functions"},"message":"[worker-fileToFirebase-908c0ffe-ea63-42f3-a2a2-125e73e2613f]: IDLE"}}
[debug] [2021-07-06T15:52:34.820Z] [work-queue] {"queueLength":0,"workRunningCount":0}
[debug] [2021-07-06T15:53:03.571Z] File C:\Users\vince\Documents\webapps\carte-campus\functions\lib\index.js changed, reloading triggers {"metadata":{"emulator":{"name":"functions"},"message":"File C:\\Users\\vince\\Documents\\webapps\\carte-campus\\functions\\lib\\index.js changed, reloading triggers"}}
[debug] [2021-07-06T15:53:04.576Z] [worker-pool] Shutting down IDLE worker (~diagnostic~) {"metadata":{"emulator":{"name":"functions"},"message":"[worker-pool] Shutting down IDLE worker (~diagnostic~)"}}
[debug] [2021-07-06T15:53:04.576Z] [worker-~diagnostic~-45d4e9c2-44d5-43c7-9bb3-f942f1186ed1]: FINISHING {"metadata":{"emulator":{"name":"functions"},"message":"[worker-~diagnostic~-45d4e9c2-44d5-43c7-9bb3-f942f1186ed1]: FINISHING"}}
[debug] [2021-07-06T15:53:04.577Z] [worker-pool] Shutting down IDLE worker (fileToFirebase) {"metadata":{"emulator":{"name":"functions"},"message":"[worker-pool] Shutting down IDLE worker (fileToFirebase)"}}
[debug] [2021-07-06T15:53:04.577Z] [worker-fileToFirebase-908c0ffe-ea63-42f3-a2a2-125e73e2613f]: FINISHING {"metadata":{"emulator":{"name":"functions"},"message":"[worker-fileToFirebase-908c0ffe-ea63-42f3-a2a2-125e73e2613f]: FINISHING"}}
[debug] [2021-07-06T15:53:04.581Z] [worker-pool] addWorker(~diagnostic~) {"metadata":{"emulator":{"name":"functions"},"message":"[worker-pool] addWorker(~diagnostic~)"}}
[debug] [2021-07-06T15:53:04.581Z] [worker-pool] Adding worker with key ~diagnostic~, total=2 {"metadata":{"emulator":{"name":"functions"},"message":"[worker-pool] Adding worker with key ~diagnostic~, total=2"}}
[debug] [2021-07-06T15:53:04.582Z] [worker-pool] submitWork(triggerId=) {"metadata":{"emulator":{"name":"functions"},"message":"[worker-pool] submitWork(triggerId=)"}}
[debug] [2021-07-06T15:53:04.582Z] [worker-~diagnostic~-f8ada068-bda5-4fee-9066-c812fe0eb30a]: Assigning socketPath: \\?\pipe\C:\Users\vince\Documents\webapps\carte-campus\functions\21732 {"metadata":{"emulator":{"name":"functions"},"message":"[worker-~diagnostic~-f8ada068-bda5-4fee-9066-c812fe0eb30a]: Assigning socketPath: \\\\?\\pipe\\C:\\Users\\vince\\Documents\\webapps\\carte-campus\\functions\\21732"}}
[debug] [2021-07-06T15:53:04.582Z] [worker-~diagnostic~-f8ada068-bda5-4fee-9066-c812fe0eb30a]: BUSY {"metadata":{"emulator":{"name":"functions"},"message":"[worker-~diagnostic~-f8ada068-bda5-4fee-9066-c812fe0eb30a]: BUSY"}}
[debug] [2021-07-06T15:53:04.583Z] [worker-~diagnostic~-45d4e9c2-44d5-43c7-9bb3-f942f1186ed1]: exited {"metadata":{"emulator":{"name":"functions"},"message":"[worker-~diagnostic~-45d4e9c2-44d5-43c7-9bb3-f942f1186ed1]: exited"}}
[debug] [2021-07-06T15:53:04.583Z] [worker-~diagnostic~-45d4e9c2-44d5-43c7-9bb3-f942f1186ed1]: FINISHED {"metadata":{"emulator":{"name":"functions"},"message":"[worker-~diagnostic~-45d4e9c2-44d5-43c7-9bb3-f942f1186ed1]: FINISHED"}}
[debug] [2021-07-06T15:53:04.585Z] [worker-fileToFirebase-908c0ffe-ea63-42f3-a2a2-125e73e2613f]: exited {"metadata":{"emulator":{"name":"functions"},"message":"[worker-fileToFirebase-908c0ffe-ea63-42f3-a2a2-125e73e2613f]: exited"}}
[debug] [2021-07-06T15:53:04.585Z] [worker-fileToFirebase-908c0ffe-ea63-42f3-a2a2-125e73e2613f]: FINISHED {"metadata":{"emulator":{"name":"functions"},"message":"[worker-fileToFirebase-908c0ffe-ea63-42f3-a2a2-125e73e2613f]: FINISHED"}}
[debug] [2021-07-06T15:53:05.006Z] [runtime-status] [21732] Functions runtime initialized. {"cwd":"C:\\Users\\vince\\Documents\\webapps\\carte-campus\\functions","node_version":"12.18.3"} {"metadata":{"emulator":{"name":"functions"},"message":"[runtime-status] [21732] Functions runtime initialized. {\"cwd\":\"C:\\\\Users\\\\vince\\\\Documents\\\\webapps\\\\carte-campus\\\\functions\",\"node_version\":\"12.18.3\"}"}}
[debug] [2021-07-06T15:53:05.009Z] [runtime-status] [21732] Disabled runtime features: undefined {"metadata":{"emulator":{"name":"functions"},"message":"[runtime-status] [21732] Disabled runtime features: undefined"}}
[debug] [2021-07-06T15:53:05.014Z] [runtime-status] [21732] Resolved module firebase-admin {"declared":true,"installed":true,"version":"8.13.0","resolution":"C:\\Users\\vince\\Documents\\webapps\\carte-campus\\functions\\node_modules\\firebase-admin\\lib\\index.js"} {"metadata":{"emulator":{"name":"functions"},"message":"[runtime-status] [21732] Resolved module firebase-admin {\"declared\":true,\"installed\":true,\"version\":\"8.13.0\",\"resolution\":\"C:\\\\Users\\\\vince\\\\Documents\\\\webapps\\\\carte-campus\\\\functions\\\\node_modules\\\\firebase-admin\\\\lib\\\\index.js\"}"}}
[debug] [2021-07-06T15:53:05.016Z] [runtime-status] [21732] Resolved module firebase-functions {"declared":true,"installed":true,"version":"3.14.1","resolution":"C:\\Users\\vince\\Documents\\webapps\\carte-campus\\functions\\node_modules\\firebase-functions\\lib\\index.js"} {"metadata":{"emulator":{"name":"functions"},"message":"[runtime-status] [21732] Resolved module firebase-functions {\"declared\":true,\"installed\":true,\"version\":\"3.14.1\",\"resolution\":\"C:\\\\Users\\\\vince\\\\Documents\\\\webapps\\\\carte-campus\\\\functions\\\\node_modules\\\\firebase-functions\\\\lib\\\\index.js\"}"}}
[debug] [2021-07-06T15:53:05.016Z] [runtime-status] [21732] Resolved module firebase-functions {"declared":true,"installed":true,"version":"3.14.1","resolution":"C:\\Users\\vince\\Documents\\webapps\\carte-campus\\functions\\node_modules\\firebase-functions\\lib\\index.js"} {"metadata":{"emulator":{"name":"functions"},"message":"[runtime-status] [21732] Resolved module firebase-functions {\"declared\":true,\"installed\":true,\"version\":\"3.14.1\",\"resolution\":\"C:\\\\Users\\\\vince\\\\Documents\\\\webapps\\\\carte-campus\\\\functions\\\\node_modules\\\\firebase-functions\\\\lib\\\\index.js\"}"}}
[debug] [2021-07-06T15:53:05.018Z] [runtime-status] [21732] Outgoing network have been stubbed. [{"name":"http","status":"mocked"},{"name":"http","status":"mocked"},{"name":"https","status":"mocked"},{"name":"https","status":"mocked"},{"name":"net","status":"mocked"}] {"metadata":{"emulator":{"name":"functions"},"message":"[runtime-status] [21732] Outgoing network have been stubbed. [{\"name\":\"http\",\"status\":\"mocked\"},{\"name\":\"http\",\"status\":\"mocked\"},{\"name\":\"https\",\"status\":\"mocked\"},{\"name\":\"https\",\"status\":\"mocked\"},{\"name\":\"net\",\"status\":\"mocked\"}]"}}
[debug] [2021-07-06T15:53:05.018Z] [runtime-status] [21732] Resolved module firebase-functions {"declared":true,"installed":true,"version":"3.14.1","resolution":"C:\\Users\\vince\\Documents\\webapps\\carte-campus\\functions\\node_modules\\firebase-functions\\lib\\index.js"} {"metadata":{"emulator":{"name":"functions"},"message":"[runtime-status] [21732] Resolved module firebase-functions {\"declared\":true,\"installed\":true,\"version\":\"3.14.1\",\"resolution\":\"C:\\\\Users\\\\vince\\\\Documents\\\\webapps\\\\carte-campus\\\\functions\\\\node_modules\\\\firebase-functions\\\\lib\\\\index.js\"}"}}
[debug] [2021-07-06T15:53:05.061Z] [runtime-status] [21732] Checked functions.config() {"config":{}} {"metadata":{"emulator":{"name":"functions"},"message":"[runtime-status] [21732] Checked functions.config() {\"config\":{}}"}}
[debug] [2021-07-06T15:53:05.061Z] [runtime-status] [21732] firebase-functions has been stubbed. {"functionsResolution":{"declared":true,"installed":true,"version":"3.14.1","resolution":"C:\\Users\\vince\\Documents\\webapps\\carte-campus\\functions\\node_modules\\firebase-functions\\lib\\index.js"}} {"metadata":{"emulator":{"name":"functions"},"message":"[runtime-status] [21732] firebase-functions has been stubbed. {\"functionsResolution\":{\"declared\":true,\"installed\":true,\"version\":\"3.14.1\",\"resolution\":\"C:\\\\Users\\\\vince\\\\Documents\\\\webapps\\\\carte-campus\\\\functions\\\\node_modules\\\\firebase-functions\\\\lib\\\\index.js\"}}"}}
[debug] [2021-07-06T15:53:05.062Z] [runtime-status] [21732] Resolved module firebase-functions {"declared":true,"installed":true,"version":"3.14.1","resolution":"C:\\Users\\vince\\Documents\\webapps\\carte-campus\\functions\\node_modules\\firebase-functions\\lib\\index.js"} {"metadata":{"emulator":{"name":"functions"},"message":"[runtime-status] [21732] Resolved module firebase-functions {\"declared\":true,\"installed\":true,\"version\":\"3.14.1\",\"resolution\":\"C:\\\\Users\\\\vince\\\\Documents\\\\webapps\\\\carte-campus\\\\functions\\\\node_modules\\\\firebase-functions\\\\lib\\\\index.js\"}"}}
[debug] [2021-07-06T15:53:05.063Z] [runtime-status] [21732] Resolved module firebase-admin {"declared":true,"installed":true,"version":"8.13.0","resolution":"C:\\Users\\vince\\Documents\\webapps\\carte-campus\\functions\\node_modules\\firebase-admin\\lib\\index.js"} {"metadata":{"emulator":{"name":"functions"},"message":"[runtime-status] [21732] Resolved module firebase-admin {\"declared\":true,\"installed\":true,\"version\":\"8.13.0\",\"resolution\":\"C:\\\\Users\\\\vince\\\\Documents\\\\webapps\\\\carte-campus\\\\functions\\\\node_modules\\\\firebase-admin\\\\lib\\\\index.js\"}"}}
[debug] [2021-07-06T15:53:05.063Z] [runtime-status] [21732] Resolved module firebase-functions {"declared":true,"installed":true,"version":"3.14.1","resolution":"C:\\Users\\vince\\Documents\\webapps\\carte-campus\\functions\\node_modules\\firebase-functions\\lib\\index.js"} {"metadata":{"emulator":{"name":"functions"},"message":"[runtime-status] [21732] Resolved module firebase-functions {\"declared\":true,\"installed\":true,\"version\":\"3.14.1\",\"resolution\":\"C:\\\\Users\\\\vince\\\\Documents\\\\webapps\\\\carte-campus\\\\functions\\\\node_modules\\\\firebase-functions\\\\lib\\\\index.js\"}"}}
[debug] [2021-07-06T15:53:05.064Z] [runtime-status] [21732] firebase-admin has been stubbed. {"adminResolution":{"declared":true,"installed":true,"version":"8.13.0","resolution":"C:\\Users\\vince\\Documents\\webapps\\carte-campus\\functions\\node_modules\\firebase-admin\\lib\\index.js"}} {"metadata":{"emulator":{"name":"functions"},"message":"[runtime-status] [21732] firebase-admin has been stubbed. {\"adminResolution\":{\"declared\":true,\"installed\":true,\"version\":\"8.13.0\",\"resolution\":\"C:\\\\Users\\\\vince\\\\Documents\\\\webapps\\\\carte-campus\\\\functions\\\\node_modules\\\\firebase-admin\\\\lib\\\\index.js\"}}"}}
[debug] [2021-07-06T15:53:05.084Z] [runtime-status] [21732] initializeApp(DEFAULT) {"projectId":"monportail-test"} {"metadata":{"emulator":{"name":"functions"},"message":"[runtime-status] [21732] initializeApp(DEFAULT) {\"projectId\":\"monportail-test\"}"}}
[debug] [2021-07-06T15:53:05.085Z] [worker-~diagnostic~-f8ada068-bda5-4fee-9066-c812fe0eb30a]: IDLE {"metadata":{"emulator":{"name":"functions"},"message":"[worker-~diagnostic~-f8ada068-bda5-4fee-9066-c812fe0eb30a]: IDLE"}}
[debug] [2021-07-06T15:53:08.952Z] File C:\Users\vince\Documents\webapps\carte-campus\functions\lib\index.js changed, reloading triggers {"metadata":{"emulator":{"name":"functions"},"message":"File C:\\Users\\vince\\Documents\\webapps\\carte-campus\\functions\\lib\\index.js changed, reloading triggers"}}
[debug] [2021-07-06T15:53:09.962Z] [worker-pool] Shutting down IDLE worker (~diagnostic~) {"metadata":{"emulator":{"name":"functions"},"message":"[worker-pool] Shutting down IDLE worker (~diagnostic~)"}}
[debug] [2021-07-06T15:53:09.962Z] [worker-~diagnostic~-f8ada068-bda5-4fee-9066-c812fe0eb30a]: FINISHING {"metadata":{"emulator":{"name":"functions"},"message":"[worker-~diagnostic~-f8ada068-bda5-4fee-9066-c812fe0eb30a]: FINISHING"}}
[debug] [2021-07-06T15:53:09.962Z] [worker-pool] Cleaned up workers for ~diagnostic~: 2 --> 1 {"metadata":{"emulator":{"name":"functions"},"message":"[worker-pool] Cleaned up workers for ~diagnostic~: 2 --> 1"}}
[debug] [2021-07-06T15:53:09.963Z] [worker-pool] Cleaned up workers for fileToFirebase: 1 --> 0 {"metadata":{"emulator":{"name":"functions"},"message":"[worker-pool] Cleaned up workers for fileToFirebase: 1 --> 0"}}
[debug] [2021-07-06T15:53:09.969Z] [worker-pool] addWorker(~diagnostic~) {"metadata":{"emulator":{"name":"functions"},"message":"[worker-pool] addWorker(~diagnostic~)"}}
[debug] [2021-07-06T15:53:09.969Z] [worker-pool] Adding worker with key ~diagnostic~, total=2 {"metadata":{"emulator":{"name":"functions"},"message":"[worker-pool] Adding worker with key ~diagnostic~, total=2"}}
[debug] [2021-07-06T15:53:09.969Z] [worker-pool] submitWork(triggerId=) {"metadata":{"emulator":{"name":"functions"},"message":"[worker-pool] submitWork(triggerId=)"}}
[debug] [2021-07-06T15:53:09.969Z] [worker-~diagnostic~-0705550a-8fb9-4463-b585-484448c5cbcd]: Assigning socketPath: \\?\pipe\C:\Users\vince\Documents\webapps\carte-campus\functions\22064 {"metadata":{"emulator":{"name":"functions"},"message":"[worker-~diagnostic~-0705550a-8fb9-4463-b585-484448c5cbcd]: Assigning socketPath: \\\\?\\pipe\\C:\\Users\\vince\\Documents\\webapps\\carte-campus\\functions\\22064"}}
[debug] [2021-07-06T15:53:09.969Z] [worker-~diagnostic~-0705550a-8fb9-4463-b585-484448c5cbcd]: BUSY {"metadata":{"emulator":{"name":"functions"},"message":"[worker-~diagnostic~-0705550a-8fb9-4463-b585-484448c5cbcd]: BUSY"}}
[debug] [2021-07-06T15:53:09.972Z] [worker-~diagnostic~-f8ada068-bda5-4fee-9066-c812fe0eb30a]: exited {"metadata":{"emulator":{"name":"functions"},"message":"[worker-~diagnostic~-f8ada068-bda5-4fee-9066-c812fe0eb30a]: exited"}}
[debug] [2021-07-06T15:53:09.972Z] [worker-~diagnostic~-f8ada068-bda5-4fee-9066-c812fe0eb30a]: FINISHED {"metadata":{"emulator":{"name":"functions"},"message":"[worker-~diagnostic~-f8ada068-bda5-4fee-9066-c812fe0eb30a]: FINISHED"}}
[debug] [2021-07-06T15:53:10.396Z] [runtime-status] [22064] Functions runtime initialized. {"cwd":"C:\\Users\\vince\\Documents\\webapps\\carte-campus\\functions","node_version":"12.18.3"} {"metadata":{"emulator":{"name":"functions"},"message":"[runtime-status] [22064] Functions runtime initialized. {\"cwd\":\"C:\\\\Users\\\\vince\\\\Documents\\\\webapps\\\\carte-campus\\\\functions\",\"node_version\":\"12.18.3\"}"}}
[debug] [2021-07-06T15:53:10.398Z] [runtime-status] [22064] Disabled runtime features: undefined {"metadata":{"emulator":{"name":"functions"},"message":"[runtime-status] [22064] Disabled runtime features: undefined"}}
[debug] [2021-07-06T15:53:10.402Z] [runtime-status] [22064] Resolved module firebase-admin {"declared":true,"installed":true,"version":"8.13.0","resolution":"C:\\Users\\vince\\Documents\\webapps\\carte-campus\\functions\\node_modules\\firebase-admin\\lib\\index.js"} {"metadata":{"emulator":{"name":"functions"},"message":"[runtime-status] [22064] Resolved module firebase-admin {\"declared\":true,\"installed\":true,\"version\":\"8.13.0\",\"resolution\":\"C:\\\\Users\\\\vince\\\\Documents\\\\webapps\\\\carte-campus\\\\functions\\\\node_modules\\\\firebase-admin\\\\lib\\\\index.js\"}"}}
[debug] [2021-07-06T15:53:10.405Z] [runtime-status] [22064] Resolved module firebase-functions {"declared":true,"installed":true,"version":"3.14.1","resolution":"C:\\Users\\vince\\Documents\\webapps\\carte-campus\\functions\\node_modules\\firebase-functions\\lib\\index.js"} {"metadata":{"emulator":{"name":"functions"},"message":"[runtime-status] [22064] Resolved module firebase-functions {\"declared\":true,\"installed\":true,\"version\":\"3.14.1\",\"resolution\":\"C:\\\\Users\\\\vince\\\\Documents\\\\webapps\\\\carte-campus\\\\functions\\\\node_modules\\\\firebase-functions\\\\lib\\\\index.js\"}"}}
[debug] [2021-07-06T15:53:10.406Z] [runtime-status] [22064] Resolved module firebase-functions {"declared":true,"installed":true,"version":"3.14.1","resolution":"C:\\Users\\vince\\Documents\\webapps\\carte-campus\\functions\\node_modules\\firebase-functions\\lib\\index.js"} {"metadata":{"emulator":{"name":"functions"},"message":"[runtime-status] [22064] Resolved module firebase-functions {\"declared\":true,\"installed\":true,\"version\":\"3.14.1\",\"resolution\":\"C:\\\\Users\\\\vince\\\\Documents\\\\webapps\\\\carte-campus\\\\functions\\\\node_modules\\\\firebase-functions\\\\lib\\\\index.js\"}"}}
[debug] [2021-07-06T15:53:10.407Z] [runtime-status] [22064] Outgoing network have been stubbed. [{"name":"http","status":"mocked"},{"name":"http","status":"mocked"},{"name":"https","status":"mocked"},{"name":"https","status":"mocked"},{"name":"net","status":"mocked"}] {"metadata":{"emulator":{"name":"functions"},"message":"[runtime-status] [22064] Outgoing network have been stubbed. [{\"name\":\"http\",\"status\":\"mocked\"},{\"name\":\"http\",\"status\":\"mocked\"},{\"name\":\"https\",\"status\":\"mocked\"},{\"name\":\"https\",\"status\":\"mocked\"},{\"name\":\"net\",\"status\":\"mocked\"}]"}}
[debug] [2021-07-06T15:53:10.408Z] [runtime-status] [22064] Resolved module firebase-functions {"declared":true,"installed":true,"version":"3.14.1","resolution":"C:\\Users\\vince\\Documents\\webapps\\carte-campus\\functions\\node_modules\\firebase-functions\\lib\\index.js"} {"metadata":{"emulator":{"name":"functions"},"message":"[runtime-status] [22064] Resolved module firebase-functions {\"declared\":true,\"installed\":true,\"version\":\"3.14.1\",\"resolution\":\"C:\\\\Users\\\\vince\\\\Documents\\\\webapps\\\\carte-campus\\\\functions\\\\node_modules\\\\firebase-functions\\\\lib\\\\index.js\"}"}}
[debug] [2021-07-06T15:53:10.447Z] [runtime-status] [22064] Checked functions.config() {"config":{}} {"metadata":{"emulator":{"name":"functions"},"message":"[runtime-status] [22064] Checked functions.config() {\"config\":{}}"}}
[debug] [2021-07-06T15:53:10.447Z] [runtime-status] [22064] firebase-functions has been stubbed. {"functionsResolution":{"declared":true,"installed":true,"version":"3.14.1","resolution":"C:\\Users\\vince\\Documents\\webapps\\carte-campus\\functions\\node_modules\\firebase-functions\\lib\\index.js"}} {"metadata":{"emulator":{"name":"functions"},"message":"[runtime-status] [22064] firebase-functions has been stubbed. {\"functionsResolution\":{\"declared\":true,\"installed\":true,\"version\":\"3.14.1\",\"resolution\":\"C:\\\\Users\\\\vince\\\\Documents\\\\webapps\\\\carte-campus\\\\functions\\\\node_modules\\\\firebase-functions\\\\lib\\\\index.js\"}}"}}
[debug] [2021-07-06T15:53:10.448Z] [runtime-status] [22064] Resolved module firebase-functions {"declared":true,"installed":true,"version":"3.14.1","resolution":"C:\\Users\\vince\\Documents\\webapps\\carte-campus\\functions\\node_modules\\firebase-functions\\lib\\index.js"} {"metadata":{"emulator":{"name":"functions"},"message":"[runtime-status] [22064] Resolved module firebase-functions {\"declared\":true,\"installed\":true,\"version\":\"3.14.1\",\"resolution\":\"C:\\\\Users\\\\vince\\\\Documents\\\\webapps\\\\carte-campus\\\\functions\\\\node_modules\\\\firebase-functions\\\\lib\\\\index.js\"}"}}
[debug] [2021-07-06T15:53:10.449Z] [runtime-status] [22064] Resolved module firebase-admin {"declared":true,"installed":true,"version":"8.13.0","resolution":"C:\\Users\\vince\\Documents\\webapps\\carte-campus\\functions\\node_modules\\firebase-admin\\lib\\index.js"} {"metadata":{"emulator":{"name":"functions"},"message":"[runtime-status] [22064] Resolved module firebase-admin {\"declared\":true,\"installed\":true,\"version\":\"8.13.0\",\"resolution\":\"C:\\\\Users\\\\vince\\\\Documents\\\\webapps\\\\carte-campus\\\\functions\\\\node_modules\\\\firebase-admin\\\\lib\\\\index.js\"}"}}
[debug] [2021-07-06T15:53:10.449Z] [runtime-status] [22064] Resolved module firebase-functions {"declared":true,"installed":true,"version":"3.14.1","resolution":"C:\\Users\\vince\\Documents\\webapps\\carte-campus\\functions\\node_modules\\firebase-functions\\lib\\index.js"} {"metadata":{"emulator":{"name":"functions"},"message":"[runtime-status] [22064] Resolved module firebase-functions {\"declared\":true,\"installed\":true,\"version\":\"3.14.1\",\"resolution\":\"C:\\\\Users\\\\vince\\\\Documents\\\\webapps\\\\carte-campus\\\\functions\\\\node_modules\\\\firebase-functions\\\\lib\\\\index.js\"}"}}
[debug] [2021-07-06T15:53:10.450Z] [runtime-status] [22064] firebase-admin has been stubbed. {"adminResolution":{"declared":true,"installed":true,"version":"8.13.0","resolution":"C:\\Users\\vince\\Documents\\webapps\\carte-campus\\functions\\node_modules\\firebase-admin\\lib\\index.js"}} {"metadata":{"emulator":{"name":"functions"},"message":"[runtime-status] [22064] firebase-admin has been stubbed. {\"adminResolution\":{\"declared\":true,\"installed\":true,\"version\":\"8.13.0\",\"resolution\":\"C:\\\\Users\\\\vince\\\\Documents\\\\webapps\\\\carte-campus\\\\functions\\\\node_modules\\\\firebase-admin\\\\lib\\\\index.js\"}}"}}
[debug] [2021-07-06T15:53:10.470Z] [runtime-status] [22064] initializeApp(DEFAULT) {"projectId":"monportail-test"} {"metadata":{"emulator":{"name":"functions"},"message":"[runtime-status] [22064] initializeApp(DEFAULT) {\"projectId\":\"monportail-test\"}"}}
[debug] [2021-07-06T15:53:10.472Z] [worker-~diagnostic~-0705550a-8fb9-4463-b585-484448c5cbcd]: IDLE {"metadata":{"emulator":{"name":"functions"},"message":"[worker-~diagnostic~-0705550a-8fb9-4463-b585-484448c5cbcd]: IDLE"}}
[debug] [2021-07-06T15:53:12.743Z] File C:\Users\vince\Documents\webapps\carte-campus\functions\lib\index.js changed, reloading triggers {"metadata":{"emulator":{"name":"functions"},"message":"File C:\\Users\\vince\\Documents\\webapps\\carte-campus\\functions\\lib\\index.js changed, reloading triggers"}}
[debug] [2021-07-06T15:53:13.750Z] [worker-pool] Shutting down IDLE worker (~diagnostic~) {"metadata":{"emulator":{"name":"functions"},"message":"[worker-pool] Shutting down IDLE worker (~diagnostic~)"}}
[debug] [2021-07-06T15:53:13.750Z] [worker-~diagnostic~-0705550a-8fb9-4463-b585-484448c5cbcd]: FINISHING {"metadata":{"emulator":{"name":"functions"},"message":"[worker-~diagnostic~-0705550a-8fb9-4463-b585-484448c5cbcd]: FINISHING"}}
[debug] [2021-07-06T15:53:13.750Z] [worker-pool] Cleaned up workers for ~diagnostic~: 2 --> 1 {"metadata":{"emulator":{"name":"functions"},"message":"[worker-pool] Cleaned up workers for ~diagnostic~: 2 --> 1"}}
[debug] [2021-07-06T15:53:13.754Z] [worker-pool] addWorker(~diagnostic~) {"metadata":{"emulator":{"name":"functions"},"message":"[worker-pool] addWorker(~diagnostic~)"}}
[debug] [2021-07-06T15:53:13.754Z] [worker-pool] Adding worker with key ~diagnostic~, total=2 {"metadata":{"emulator":{"name":"functions"},"message":"[worker-pool] Adding worker with key ~diagnostic~, total=2"}}
[debug] [2021-07-06T15:53:13.754Z] [worker-pool] submitWork(triggerId=) {"metadata":{"emulator":{"name":"functions"},"message":"[worker-pool] submitWork(triggerId=)"}}
[debug] [2021-07-06T15:53:13.754Z] [worker-~diagnostic~-c1761287-031f-4318-af40-1056e31051e8]: Assigning socketPath: \\?\pipe\C:\Users\vince\Documents\webapps\carte-campus\functions\19772 {"metadata":{"emulator":{"name":"functions"},"message":"[worker-~diagnostic~-c1761287-031f-4318-af40-1056e31051e8]: Assigning socketPath: \\\\?\\pipe\\C:\\Users\\vince\\Documents\\webapps\\carte-campus\\functions\\19772"}}
[debug] [2021-07-06T15:53:13.754Z] [worker-~diagnostic~-c1761287-031f-4318-af40-1056e31051e8]: BUSY {"metadata":{"emulator":{"name":"functions"},"message":"[worker-~diagnostic~-c1761287-031f-4318-af40-1056e31051e8]: BUSY"}}
[debug] [2021-07-06T15:53:13.757Z] [worker-~diagnostic~-0705550a-8fb9-4463-b585-484448c5cbcd]: exited {"metadata":{"emulator":{"name":"functions"},"message":"[worker-~diagnostic~-0705550a-8fb9-4463-b585-484448c5cbcd]: exited"}}
[debug] [2021-07-06T15:53:13.757Z] [worker-~diagnostic~-0705550a-8fb9-4463-b585-484448c5cbcd]: FINISHED {"metadata":{"emulator":{"name":"functions"},"message":"[worker-~diagnostic~-0705550a-8fb9-4463-b585-484448c5cbcd]: FINISHED"}}
[debug] [2021-07-06T15:53:14.149Z] [runtime-status] [19772] Functions runtime initialized. {"cwd":"C:\\Users\\vince\\Documents\\webapps\\carte-campus\\functions","node_version":"12.18.3"} {"metadata":{"emulator":{"name":"functions"},"message":"[runtime-status] [19772] Functions runtime initialized. {\"cwd\":\"C:\\\\Users\\\\vince\\\\Documents\\\\webapps\\\\carte-campus\\\\functions\",\"node_version\":\"12.18.3\"}"}}
[debug] [2021-07-06T15:53:14.151Z] [runtime-status] [19772] Disabled runtime features: undefined {"metadata":{"emulator":{"name":"functions"},"message":"[runtime-status] [19772] Disabled runtime features: undefined"}}
[debug] [2021-07-06T15:53:14.156Z] [runtime-status] [19772] Resolved module firebase-admin {"declared":true,"installed":true,"version":"8.13.0","resolution":"C:\\Users\\vince\\Documents\\webapps\\carte-campus\\functions\\node_modules\\firebase-admin\\lib\\index.js"} {"metadata":{"emulator":{"name":"functions"},"message":"[runtime-status] [19772] Resolved module firebase-admin {\"declared\":true,\"installed\":true,\"version\":\"8.13.0\",\"resolution\":\"C:\\\\Users\\\\vince\\\\Documents\\\\webapps\\\\carte-campus\\\\functions\\\\node_modules\\\\firebase-admin\\\\lib\\\\index.js\"}"}}
[debug] [2021-07-06T15:53:14.157Z] [runtime-status] [19772] Resolved module firebase-functions {"declared":true,"installed":true,"version":"3.14.1","resolution":"C:\\Users\\vince\\Documents\\webapps\\carte-campus\\functions\\node_modules\\firebase-functions\\lib\\index.js"} {"metadata":{"emulator":{"name":"functions"},"message":"[runtime-status] [19772] Resolved module firebase-functions {\"declared\":true,\"installed\":true,\"version\":\"3.14.1\",\"resolution\":\"C:\\\\Users\\\\vince\\\\Documents\\\\webapps\\\\carte-campus\\\\functions\\\\node_modules\\\\firebase-functions\\\\lib\\\\index.js\"}"}}
[debug] [2021-07-06T15:53:14.158Z] [runtime-status] [19772] Resolved module firebase-functions {"declared":true,"installed":true,"version":"3.14.1","resolution":"C:\\Users\\vince\\Documents\\webapps\\carte-campus\\functions\\node_modules\\firebase-functions\\lib\\index.js"} {"metadata":{"emulator":{"name":"functions"},"message":"[runtime-status] [19772] Resolved module firebase-functions {\"declared\":true,\"installed\":true,\"version\":\"3.14.1\",\"resolution\":\"C:\\\\Users\\\\vince\\\\Documents\\\\webapps\\\\carte-campus\\\\functions\\\\node_modules\\\\firebase-functions\\\\lib\\\\index.js\"}"}}
[debug] [2021-07-06T15:53:14.159Z] [runtime-status] [19772] Outgoing network have been stubbed. [{"name":"http","status":"mocked"},{"name":"http","status":"mocked"},{"name":"https","status":"mocked"},{"name":"https","status":"mocked"},{"name":"net","status":"mocked"}] {"metadata":{"emulator":{"name":"functions"},"message":"[runtime-status] [19772] Outgoing network have been stubbed. [{\"name\":\"http\",\"status\":\"mocked\"},{\"name\":\"http\",\"status\":\"mocked\"},{\"name\":\"https\",\"status\":\"mocked\"},{\"name\":\"https\",\"status\":\"mocked\"},{\"name\":\"net\",\"status\":\"mocked\"}]"}}
[debug] [2021-07-06T15:53:14.159Z] [runtime-status] [19772] Resolved module firebase-functions {"declared":true,"installed":true,"version":"3.14.1","resolution":"C:\\Users\\vince\\Documents\\webapps\\carte-campus\\functions\\node_modules\\firebase-functions\\lib\\index.js"} {"metadata":{"emulator":{"name":"functions"},"message":"[runtime-status] [19772] Resolved module firebase-functions {\"declared\":true,\"installed\":true,\"version\":\"3.14.1\",\"resolution\":\"C:\\\\Users\\\\vince\\\\Documents\\\\webapps\\\\carte-campus\\\\functions\\\\node_modules\\\\firebase-functions\\\\lib\\\\index.js\"}"}}
[debug] [2021-07-06T15:53:14.198Z] [runtime-status] [19772] Checked functions.config() {"config":{}} {"metadata":{"emulator":{"name":"functions"},"message":"[runtime-status] [19772] Checked functions.config() {\"config\":{}}"}}
[debug] [2021-07-06T15:53:14.198Z] [runtime-status] [19772] firebase-functions has been stubbed. {"functionsResolution":{"declared":true,"installed":true,"version":"3.14.1","resolution":"C:\\Users\\vince\\Documents\\webapps\\carte-campus\\functions\\node_modules\\firebase-functions\\lib\\index.js"}} {"metadata":{"emulator":{"name":"functions"},"message":"[runtime-status] [19772] firebase-functions has been stubbed. {\"functionsResolution\":{\"declared\":true,\"installed\":true,\"version\":\"3.14.1\",\"resolution\":\"C:\\\\Users\\\\vince\\\\Documents\\\\webapps\\\\carte-campus\\\\functions\\\\node_modules\\\\firebase-functions\\\\lib\\\\index.js\"}}"}}
[debug] [2021-07-06T15:53:14.199Z] [runtime-status] [19772] Resolved module firebase-functions {"declared":true,"installed":true,"version":"3.14.1","resolution":"C:\\Users\\vince\\Documents\\webapps\\carte-campus\\functions\\node_modules\\firebase-functions\\lib\\index.js"} {"metadata":{"emulator":{"name":"functions"},"message":"[runtime-status] [19772] Resolved module firebase-functions {\"declared\":true,\"installed\":true,\"version\":\"3.14.1\",\"resolution\":\"C:\\\\Users\\\\vince\\\\Documents\\\\webapps\\\\carte-campus\\\\functions\\\\node_modules\\\\firebase-functions\\\\lib\\\\index.js\"}"}}
[debug] [2021-07-06T15:53:14.200Z] [runtime-status] [19772] Resolved module firebase-admin {"declared":true,"installed":true,"version":"8.13.0","resolution":"C:\\Users\\vince\\Documents\\webapps\\carte-campus\\functions\\node_modules\\firebase-admin\\lib\\index.js"} {"metadata":{"emulator":{"name":"functions"},"message":"[runtime-status] [19772] Resolved module firebase-admin {\"declared\":true,\"installed\":true,\"version\":\"8.13.0\",\"resolution\":\"C:\\\\Users\\\\vince\\\\Documents\\\\webapps\\\\carte-campus\\\\functions\\\\node_modules\\\\firebase-admin\\\\lib\\\\index.js\"}"}}
[debug] [2021-07-06T15:53:14.200Z] [runtime-status] [19772] Resolved module firebase-functions {"declared":true,"installed":true,"version":"3.14.1","resolution":"C:\\Users\\vince\\Documents\\webapps\\carte-campus\\functions\\node_modules\\firebase-functions\\lib\\index.js"} {"metadata":{"emulator":{"name":"functions"},"message":"[runtime-status] [19772] Resolved module firebase-functions {\"declared\":true,\"installed\":true,\"version\":\"3.14.1\",\"resolution\":\"C:\\\\Users\\\\vince\\\\Documents\\\\webapps\\\\carte-campus\\\\functions\\\\node_modules\\\\firebase-functions\\\\lib\\\\index.js\"}"}}
[debug] [2021-07-06T15:53:14.200Z] [runtime-status] [19772] firebase-admin has been stubbed. {"adminResolution":{"declared":true,"installed":true,"version":"8.13.0","resolution":"C:\\Users\\vince\\Documents\\webapps\\carte-campus\\functions\\node_modules\\firebase-admin\\lib\\index.js"}} {"metadata":{"emulator":{"name":"functions"},"message":"[runtime-status] [19772] firebase-admin has been stubbed. {\"adminResolution\":{\"declared\":true,\"installed\":true,\"version\":\"8.13.0\",\"resolution\":\"C:\\\\Users\\\\vince\\\\Documents\\\\webapps\\\\carte-campus\\\\functions\\\\node_modules\\\\firebase-admin\\\\lib\\\\index.js\"}}"}}
[debug] [2021-07-06T15:53:14.223Z] [runtime-status] [19772] initializeApp(DEFAULT) {"projectId":"monportail-test"} {"metadata":{"emulator":{"name":"functions"},"message":"[runtime-status] [19772] initializeApp(DEFAULT) {\"projectId\":\"monportail-test\"}"}}
[debug] [2021-07-06T15:53:14.224Z] [worker-~diagnostic~-c1761287-031f-4318-af40-1056e31051e8]: IDLE {"metadata":{"emulator":{"name":"functions"},"message":"[worker-~diagnostic~-c1761287-031f-4318-af40-1056e31051e8]: IDLE"}}
[debug] [2021-07-06T15:55:45.473Z] [work-queue] {"queueLength":1,"workRunningCount":0}
[debug] [2021-07-06T15:55:45.473Z] [work-queue] {"queueLength":0,"workRunningCount":1}
[debug] [2021-07-06T15:55:45.473Z] Accepted request POST /monportail-test/us-central1/fileToFirebase --> fileToFirebase
[debug] [2021-07-06T15:55:45.474Z] [worker-pool] Cleaned up workers for ~diagnostic~: 2 --> 1 {"metadata":{"emulator":{"name":"functions"},"message":"[worker-pool] Cleaned up workers for ~diagnostic~: 2 --> 1"}}
[debug] [2021-07-06T15:55:45.478Z] [worker-pool] addWorker(fileToFirebase) {"metadata":{"emulator":{"name":"functions"},"message":"[worker-pool] addWorker(fileToFirebase)"}}
[debug] [2021-07-06T15:55:45.478Z] [worker-pool] Adding worker with key fileToFirebase, total=1 {"metadata":{"emulator":{"name":"functions"},"message":"[worker-pool] Adding worker with key fileToFirebase, total=1"}}
[debug] [2021-07-06T15:55:45.478Z] [worker-pool] submitWork(triggerId=fileToFirebase) {"metadata":{"emulator":{"name":"functions"},"message":"[worker-pool] submitWork(triggerId=fileToFirebase)"}}
[debug] [2021-07-06T15:55:45.478Z] [worker-fileToFirebase-cbfa1bea-23c3-45eb-9061-fee25efa9402]: Assigning socketPath: \\?\pipe\C:\Users\vince\Documents\webapps\carte-campus\functions\19352 {"metadata":{"emulator":{"name":"functions"},"message":"[worker-fileToFirebase-cbfa1bea-23c3-45eb-9061-fee25efa9402]: Assigning socketPath: \\\\?\\pipe\\C:\\Users\\vince\\Documents\\webapps\\carte-campus\\functions\\19352"}}
[debug] [2021-07-06T15:55:45.478Z] [worker-fileToFirebase-cbfa1bea-23c3-45eb-9061-fee25efa9402]: BUSY {"metadata":{"emulator":{"name":"functions"},"message":"[worker-fileToFirebase-cbfa1bea-23c3-45eb-9061-fee25efa9402]: BUSY"}}
[debug] [2021-07-06T15:55:45.895Z] [runtime-status] [19352] Functions runtime initialized. {"cwd":"C:\\Users\\vince\\Documents\\webapps\\carte-campus\\functions","node_version":"12.18.3"} {"metadata":{"emulator":{"name":"functions"},"function":{"name":"fileToFirebase"},"message":"[runtime-status] [19352] Functions runtime initialized. {\"cwd\":\"C:\\\\Users\\\\vince\\\\Documents\\\\webapps\\\\carte-campus\\\\functions\",\"node_version\":\"12.18.3\"}"}}
[debug] [2021-07-06T15:55:45.896Z] [runtime-status] [19352] Disabled runtime features: undefined {"metadata":{"emulator":{"name":"functions"},"function":{"name":"fileToFirebase"},"message":"[runtime-status] [19352] Disabled runtime features: undefined"}}
[debug] [2021-07-06T15:55:45.907Z] [runtime-status] [19352] Resolved module firebase-admin {"declared":true,"installed":true,"version":"8.13.0","resolution":"C:\\Users\\vince\\Documents\\webapps\\carte-campus\\functions\\node_modules\\firebase-admin\\lib\\index.js"} {"metadata":{"emulator":{"name":"functions"},"function":{"name":"fileToFirebase"},"message":"[runtime-status] [19352] Resolved module firebase-admin {\"declared\":true,\"installed\":true,\"version\":\"8.13.0\",\"resolution\":\"C:\\\\Users\\\\vince\\\\Documents\\\\webapps\\\\carte-campus\\\\functions\\\\node_modules\\\\firebase-admin\\\\lib\\\\index.js\"}"}}
[debug] [2021-07-06T15:55:45.908Z] [runtime-status] [19352] Resolved module firebase-functions {"declared":true,"installed":true,"version":"3.14.1","resolution":"C:\\Users\\vince\\Documents\\webapps\\carte-campus\\functions\\node_modules\\firebase-functions\\lib\\index.js"} {"metadata":{"emulator":{"name":"functions"},"function":{"name":"fileToFirebase"},"message":"[runtime-status] [19352] Resolved module firebase-functions {\"declared\":true,\"installed\":true,\"version\":\"3.14.1\",\"resolution\":\"C:\\\\Users\\\\vince\\\\Documents\\\\webapps\\\\carte-campus\\\\functions\\\\node_modules\\\\firebase-functions\\\\lib\\\\index.js\"}"}}
[debug] [2021-07-06T15:55:45.909Z] [runtime-status] [19352] Resolved module firebase-functions {"declared":true,"installed":true,"version":"3.14.1","resolution":"C:\\Users\\vince\\Documents\\webapps\\carte-campus\\functions\\node_modules\\firebase-functions\\lib\\index.js"} {"metadata":{"emulator":{"name":"functions"},"function":{"name":"fileToFirebase"},"message":"[runtime-status] [19352] Resolved module firebase-functions {\"declared\":true,\"installed\":true,\"version\":\"3.14.1\",\"resolution\":\"C:\\\\Users\\\\vince\\\\Documents\\\\webapps\\\\carte-campus\\\\functions\\\\node_modules\\\\firebase-functions\\\\lib\\\\index.js\"}"}}
[debug] [2021-07-06T15:55:45.910Z] [runtime-status] [19352] Outgoing network have been stubbed. [{"name":"http","status":"mocked"},{"name":"http","status":"mocked"},{"name":"https","status":"mocked"},{"name":"https","status":"mocked"},{"name":"net","status":"mocked"}] {"metadata":{"emulator":{"name":"functions"},"function":{"name":"fileToFirebase"},"message":"[runtime-status] [19352] Outgoing network have been stubbed. [{\"name\":\"http\",\"status\":\"mocked\"},{\"name\":\"http\",\"status\":\"mocked\"},{\"name\":\"https\",\"status\":\"mocked\"},{\"name\":\"https\",\"status\":\"mocked\"},{\"name\":\"net\",\"status\":\"mocked\"}]"}}
[debug] [2021-07-06T15:55:45.911Z] [runtime-status] [19352] Resolved module firebase-functions {"declared":true,"installed":true,"version":"3.14.1","resolution":"C:\\Users\\vince\\Documents\\webapps\\carte-campus\\functions\\node_modules\\firebase-functions\\lib\\index.js"} {"metadata":{"emulator":{"name":"functions"},"function":{"name":"fileToFirebase"},"message":"[runtime-status] [19352] Resolved module firebase-functions {\"declared\":true,\"installed\":true,\"version\":\"3.14.1\",\"resolution\":\"C:\\\\Users\\\\vince\\\\Documents\\\\webapps\\\\carte-campus\\\\functions\\\\node_modules\\\\firebase-functions\\\\lib\\\\index.js\"}"}}
[debug] [2021-07-06T15:55:45.951Z] [runtime-status] [19352] Checked functions.config() {"config":{}} {"metadata":{"emulator":{"name":"functions"},"function":{"name":"fileToFirebase"},"message":"[runtime-status] [19352] Checked functions.config() {\"config\":{}}"}}
[debug] [2021-07-06T15:55:45.952Z] [runtime-status] [19352] firebase-functions has been stubbed. {"functionsResolution":{"declared":true,"installed":true,"version":"3.14.1","resolution":"C:\\Users\\vince\\Documents\\webapps\\carte-campus\\functions\\node_modules\\firebase-functions\\lib\\index.js"}} {"metadata":{"emulator":{"name":"functions"},"function":{"name":"fileToFirebase"},"message":"[runtime-status] [19352] firebase-functions has been stubbed. {\"functionsResolution\":{\"declared\":true,\"installed\":true,\"version\":\"3.14.1\",\"resolution\":\"C:\\\\Users\\\\vince\\\\Documents\\\\webapps\\\\carte-campus\\\\functions\\\\node_modules\\\\firebase-functions\\\\lib\\\\index.js\"}}"}}
[debug] [2021-07-06T15:55:45.952Z] [runtime-status] [19352] Resolved module firebase-functions {"declared":true,"installed":true,"version":"3.14.1","resolution":"C:\\Users\\vince\\Documents\\webapps\\carte-campus\\functions\\node_modules\\firebase-functions\\lib\\index.js"} {"metadata":{"emulator":{"name":"functions"},"function":{"name":"fileToFirebase"},"message":"[runtime-status] [19352] Resolved module firebase-functions {\"declared\":true,\"installed\":true,\"version\":\"3.14.1\",\"resolution\":\"C:\\\\Users\\\\vince\\\\Documents\\\\webapps\\\\carte-campus\\\\functions\\\\node_modules\\\\firebase-functions\\\\lib\\\\index.js\"}"}}
[debug] [2021-07-06T15:55:45.954Z] [runtime-status] [19352] Resolved module firebase-admin {"declared":true,"installed":true,"version":"8.13.0","resolution":"C:\\Users\\vince\\Documents\\webapps\\carte-campus\\functions\\node_modules\\firebase-admin\\lib\\index.js"} {"metadata":{"emulator":{"name":"functions"},"function":{"name":"fileToFirebase"},"message":"[runtime-status] [19352] Resolved module firebase-admin {\"declared\":true,\"installed\":true,\"version\":\"8.13.0\",\"resolution\":\"C:\\\\Users\\\\vince\\\\Documents\\\\webapps\\\\carte-campus\\\\functions\\\\node_modules\\\\firebase-admin\\\\lib\\\\index.js\"}"}}
[debug] [2021-07-06T15:55:45.954Z] [runtime-status] [19352] Resolved module firebase-functions {"declared":true,"installed":true,"version":"3.14.1","resolution":"C:\\Users\\vince\\Documents\\webapps\\carte-campus\\functions\\node_modules\\firebase-functions\\lib\\index.js"} {"metadata":{"emulator":{"name":"functions"},"function":{"name":"fileToFirebase"},"message":"[runtime-status] [19352] Resolved module firebase-functions {\"declared\":true,\"installed\":true,\"version\":\"3.14.1\",\"resolution\":\"C:\\\\Users\\\\vince\\\\Documents\\\\webapps\\\\carte-campus\\\\functions\\\\node_modules\\\\firebase-functions\\\\lib\\\\index.js\"}"}}
[debug] [2021-07-06T15:55:45.954Z] [runtime-status] [19352] firebase-admin has been stubbed. {"adminResolution":{"declared":true,"installed":true,"version":"8.13.0","resolution":"C:\\Users\\vince\\Documents\\webapps\\carte-campus\\functions\\node_modules\\firebase-admin\\lib\\index.js"}} {"metadata":{"emulator":{"name":"functions"},"function":{"name":"fileToFirebase"},"message":"[runtime-status] [19352] firebase-admin has been stubbed. {\"adminResolution\":{\"declared\":true,\"installed\":true,\"version\":\"8.13.0\",\"resolution\":\"C:\\\\Users\\\\vince\\\\Documents\\\\webapps\\\\carte-campus\\\\functions\\\\node_modules\\\\firebase-admin\\\\lib\\\\index.js\"}}"}}
[debug] [2021-07-06T15:55:45.976Z] [runtime-status] [19352] initializeApp(DEFAULT) {"projectId":"monportail-test"} {"metadata":{"emulator":{"name":"functions"},"function":{"name":"fileToFirebase"},"message":"[runtime-status] [19352] initializeApp(DEFAULT) {\"projectId\":\"monportail-test\"}"}}
[debug] [2021-07-06T15:55:45.977Z] [runtime-status] [19352] Trigger "fileToFirebase" has been found, beginning invocation! {"metadata":{"emulator":{"name":"functions"},"function":{"name":"fileToFirebase"},"message":"[runtime-status] [19352] Trigger \"fileToFirebase\" has been found, beginning invocation!"}}
[info] i  functions: Beginning execution of "fileToFirebase" {"metadata":{"emulator":{"name":"functions"},"function":{"name":"fileToFirebase"},"message":"Beginning execution of \"fileToFirebase\""}}
[debug] [2021-07-06T15:55:45.978Z] [runtime-status] [19352] triggerDefinition {"httpsTrigger":{},"name":"fileToFirebase","entryPoint":"fileToFirebase"} {"metadata":{"emulator":{"name":"functions"},"function":{"name":"fileToFirebase"},"message":"[runtime-status] [19352] triggerDefinition {\"httpsTrigger\":{},\"name\":\"fileToFirebase\",\"entryPoint\":\"fileToFirebase\"}"}}
[debug] [2021-07-06T15:55:45.978Z] [runtime-status] [19352] Running fileToFirebase in mode HTTPS {"metadata":{"emulator":{"name":"functions"},"function":{"name":"fileToFirebase"},"message":"[runtime-status] [19352] Running fileToFirebase in mode HTTPS"}}
[debug] [2021-07-06T15:55:45.982Z] [runtime-status] [19352] Attempting to listen to socketPath: \\?\pipe\C:\Users\vince\Documents\webapps\carte-campus\functions\19352 {"metadata":{"emulator":{"name":"functions"},"function":{"name":"fileToFirebase"},"message":"[runtime-status] [19352] Attempting to listen to socketPath: \\\\?\\pipe\\C:\\Users\\vince\\Documents\\webapps\\carte-campus\\functions\\19352"}}
[debug] [2021-07-06T15:55:45.985Z] [functions] Runtime ready! Sending request! {"metadata":{"emulator":{"name":"functions"},"message":"[functions] Runtime ready! Sending request!"}}
[debug] [2021-07-06T15:55:45.999Z] [runtime-status] [19352] Ephemeral server handling POST request {"metadata":{"emulator":{"name":"functions"},"function":{"name":"fileToFirebase"},"message":"[runtime-status] [19352] Ephemeral server handling POST request"}}
[info] >  {"severity":"INFO","message":"fichier recu"} {"user":{"severity":"INFO","message":"fichier recu"},"metadata":{"emulator":{"name":"functions"},"function":{"name":"fileToFirebase"},"message":"\u001b[90m> \u001b[39m {\"severity\":\"INFO\",\"message\":\"fichier recu\"}"}}
[info] >  File [file] filename: service-ul.json, encoding: 7bit, mimetype: application/json {"user":"File [file] filename: service-ul.json, encoding: 7bit, mimetype: application/json","metadata":{"emulator":{"name":"functions"},"function":{"name":"fileToFirebase"},"message":"\u001b[90m> \u001b[39m File [file] filename: service-ul.json, encoding: 7bit, mimetype: application/json"}}
[info] >  Saving 'file' to C:\Users\vince\AppData\Local\Temp\file {"user":"Saving 'file' to C:\\Users\\vince\\AppData\\Local\\Temp\\file","metadata":{"emulator":{"name":"functions"},"function":{"name":"fileToFirebase"},"message":"\u001b[90m> \u001b[39m Saving 'file' to C:\\Users\\vince\\AppData\\Local\\Temp\\file"}}
[debug] [2021-07-06T15:55:46.015Z] [runtime-status] [19352] Ephemeral server survived. {"metadata":{"emulator":{"name":"functions"},"function":{"name":"fileToFirebase"},"message":"[runtime-status] [19352] Ephemeral server survived."}}
[info] i  functions: Finished "fileToFirebase" in ~1s {"metadata":{"emulator":{"name":"functions"},"function":{"name":"fileToFirebase"},"message":"Finished \"fileToFirebase\" in ~1s"}}
[debug] [2021-07-06T15:55:46.939Z] [worker-fileToFirebase-cbfa1bea-23c3-45eb-9061-fee25efa9402]: IDLE {"metadata":{"emulator":{"name":"functions"},"message":"[worker-fileToFirebase-cbfa1bea-23c3-45eb-9061-fee25efa9402]: IDLE"}}
[debug] [2021-07-06T15:55:46.939Z] [work-queue] {"queueLength":0,"workRunningCount":0}
